<?xml version="1.0" encoding="UTF-8"?>
<!-- Generated by org.testng.reporters.JUnitXMLReporter -->
<testsuite hostname="usnyxs32w7n507" name="Test" tests="2" failures="1" timestamp="12 Nov 2018 04:22:35 GMT" time="143.78" errors="0">
  <testcase name="Invalid" time="8.242" classname="Scripts.InvalidLogin">
    <failure type="java.lang.NullPointerException">
      <![CDATA[java.lang.NullPointerException
	at org.openqa.selenium.support.pagefactory.DefaultElementLocator.findElement(DefaultElementLocator.java:69)
	at org.openqa.selenium.support.pagefactory.internal.LocatingElementHandler.invoke(LocatingElementHandler.java:38)
	at com.sun.proxy.$Proxy7.sendKeys(Unknown Source)
	at POM.LoginPage.emailidtxtbox(LoginPage.java:38)
	at Scripts.InvalidLogin.Invalid(InvalidLogin.java:20)
... Removed 25 stack frames]]>
    </failure>
  </testcase> <!-- Invalid -->
  <testcase name="Login" time="124.247" classname="Scripts.ValidLogin"/>
</testsuite> <!-- Test -->
